[debug] [2023-01-09T08:49:15.830Z] ----------------------------------------------------------------------
[debug] [2023-01-09T08:49:15.832Z] Command:       C:\Program Files\nodejs\node.exe C:\Program Files\nodejs\node_modules\firebase-tools\lib\bin\firebase.js deploy --debug
[debug] [2023-01-09T08:49:15.833Z] CLI Version:   11.20.0
[debug] [2023-01-09T08:49:15.833Z] Platform:      win32
[debug] [2023-01-09T08:49:15.833Z] Node Version:  v16.19.0
[debug] [2023-01-09T08:49:15.834Z] Time:          Mon Jan 09 2023 03:49:15 GMT-0500 (hora de Ecuador)
[debug] [2023-01-09T08:49:15.834Z] ----------------------------------------------------------------------
[debug] 
[debug] [2023-01-09T08:49:15.910Z] > command requires scopes: ["email","openid","https://www.googleapis.com/auth/cloudplatformprojects.readonly","https://www.googleapis.com/auth/firebase","https://www.googleapis.com/auth/cloud-platform"]
[debug] [2023-01-09T08:49:15.912Z] > authorizing via signed-in user (dpaulsoria@gmail.com)
[debug] [2023-01-09T08:49:15.912Z] [iam] checking project dpaulsoria-react-pokedex for permissions ["firebase.projects.get","firebasehosting.sites.update"]
[debug] [2023-01-09T08:49:15.915Z] >>> [apiv2][query] POST https://cloudresourcemanager.googleapis.com/v1/projects/dpaulsoria-react-pokedex:testIamPermissions [none]
[debug] [2023-01-09T08:49:15.915Z] >>> [apiv2][(partial)header] POST https://cloudresourcemanager.googleapis.com/v1/projects/dpaulsoria-react-pokedex:testIamPermissions x-goog-quota-user=projects/dpaulsoria-react-pokedex
[debug] [2023-01-09T08:49:15.916Z] >>> [apiv2][body] POST https://cloudresourcemanager.googleapis.com/v1/projects/dpaulsoria-react-pokedex:testIamPermissions {"permissions":["firebase.projects.get","firebasehosting.sites.update"]}
[debug] [2023-01-09T08:49:16.299Z] <<< [apiv2][status] POST https://cloudresourcemanager.googleapis.com/v1/projects/dpaulsoria-react-pokedex:testIamPermissions 200
[debug] [2023-01-09T08:49:16.299Z] <<< [apiv2][body] POST https://cloudresourcemanager.googleapis.com/v1/projects/dpaulsoria-react-pokedex:testIamPermissions {"permissions":["firebase.projects.get","firebasehosting.sites.update"]}
[debug] [2023-01-09T08:49:16.301Z] >>> [apiv2][query] GET https://firebase.googleapis.com/v1beta1/projects/dpaulsoria-react-pokedex [none]
[debug] [2023-01-09T08:49:16.763Z] <<< [apiv2][status] GET https://firebase.googleapis.com/v1beta1/projects/dpaulsoria-react-pokedex 200
[debug] [2023-01-09T08:49:16.764Z] <<< [apiv2][body] GET https://firebase.googleapis.com/v1beta1/projects/dpaulsoria-react-pokedex {"projectId":"dpaulsoria-react-pokedex","projectNumber":"509590303664","displayName":"dpaulsoria-react-pokedex","name":"projects/dpaulsoria-react-pokedex","resources":{"hostingSite":"dpaulsoria-react-pokedex"},"state":"ACTIVE","etag":"1_41019438-70b2-4a5e-94a0-c9160804269f"}
[info] 
[info] === Deploying to 'dpaulsoria-react-pokedex'...
[info] 
[info] i  deploying hosting 
[debug] [2023-01-09T08:49:16.771Z] >>> [apiv2][query] POST https://firebasehosting.googleapis.com/v1beta1/projects/-/sites/dpaulsoria-react-pokedex/versions [none]
[debug] [2023-01-09T08:49:16.772Z] >>> [apiv2][body] POST https://firebasehosting.googleapis.com/v1beta1/projects/-/sites/dpaulsoria-react-pokedex/versions {"status":"CREATED","labels":{"deployment-tool":"cli-firebase"}}
[debug] [2023-01-09T08:49:17.526Z] <<< [apiv2][status] POST https://firebasehosting.googleapis.com/v1beta1/projects/-/sites/dpaulsoria-react-pokedex/versions 200
[debug] [2023-01-09T08:49:17.527Z] <<< [apiv2][body] POST https://firebasehosting.googleapis.com/v1beta1/projects/-/sites/dpaulsoria-react-pokedex/versions {"name":"projects/509590303664/sites/dpaulsoria-react-pokedex/versions/d1bdef5a0eaf3a79","status":"CREATED","config":{},"labels":{"deployment-tool":"cli-firebase"}}
[info] i  hosting[dpaulsoria-react-pokedex]: beginning deploy... 
[info] i  hosting[dpaulsoria-react-pokedex]: found 9 files in public 
[debug] [2023-01-09T08:49:17.540Z] [hosting] uploading with 200 concurrency
[debug] [2023-01-09T08:49:17.545Z] [hosting] hash cache [cHVibGlj] stored for 9 files
[debug] [2023-01-09T08:49:17.545Z] [hosting][hash queue][FINAL] {"max":1,"min":0,"avg":0,"active":0,"complete":9,"success":9,"errored":0,"retried":0,"total":9,"elapsed":4}
[debug] [2023-01-09T08:49:17.546Z] >>> [apiv2][query] POST https://firebasehosting.googleapis.com/v1beta1/projects/509590303664/sites/dpaulsoria-react-pokedex/versions/d1bdef5a0eaf3a79:populateFiles [none]
[debug] [2023-01-09T08:49:17.546Z] >>> [apiv2][body] POST https://firebasehosting.googleapis.com/v1beta1/projects/509590303664/sites/dpaulsoria-react-pokedex/versions/d1bdef5a0eaf3a79:populateFiles {"files":{"/404.html":"daa499dd96d8229e73235345702ba32f0793f0c8e5c0d30e40e37a5872be57aa","/favicon.ico":"eae62e993eb980ec8a25058c39d5a51feab118bd2100c4deebb2a9c158ec11f9","/index.html":"2b414016cc0980aa81ca76dfd68d15eec5d3bb0baba376066dbb1fe1ec5037e9","/logo192.png":"3ee59515172ee198f3be375979df15ac5345183e656720a381b8872b2a39dc8b","/logo512.png":"ee7e2f3fdb8209c4b6fd7bef6ba50d1b9dba30a25bb5c3126df057e1cb6f5331","/manifest.json":"aff3449bdc238776f5d6d967f19ec491b36aed5fb7f23ccff6500736fd58494a","/pikachu.png":"99948523181eb051686b13eb67cb503be44075438809edd983118eddefb329b7","/robots.txt":"bfe106a3fb878dc83461c86818bf74fc1bdc7f28538ba613cd3e775516ce8b49","/tmp.html":"820c850791eeaef190f4564272c4cbe718a2f8ead4973eeacc12aa8473f3b4c5"}}
[debug] [2023-01-09T08:49:18.169Z] <<< [apiv2][status] POST https://firebasehosting.googleapis.com/v1beta1/projects/509590303664/sites/dpaulsoria-react-pokedex/versions/d1bdef5a0eaf3a79:populateFiles 200
[debug] [2023-01-09T08:49:18.169Z] <<< [apiv2][body] POST https://firebasehosting.googleapis.com/v1beta1/projects/509590303664/sites/dpaulsoria-react-pokedex/versions/d1bdef5a0eaf3a79:populateFiles {"uploadUrl":"https://upload-firebasehosting.googleapis.com/upload/sites/dpaulsoria-react-pokedex/versions/d1bdef5a0eaf3a79/files"}
[debug] [2023-01-09T08:49:18.170Z] [hosting][populate queue][FINAL] {"max":627,"min":627,"avg":627,"active":0,"complete":1,"success":1,"errored":0,"retried":0,"total":1,"elapsed":627}
[debug] [2023-01-09T08:49:18.170Z] [hosting] uploads queued: 0
[debug] [2023-01-09T08:49:18.171Z] [hosting][upload queue][FINAL] {"max":0,"min":9999999999,"avg":0,"active":0,"complete":0,"success":0,"errored":0,"retried":0,"total":0,"elapsed":1673254158171}
[info] i  hosting: upload complete 
[info] +  hosting[dpaulsoria-react-pokedex]: file upload complete 
[debug] [2023-01-09T08:49:18.172Z] [hosting] deploy completed after 643ms
[debug] [2023-01-09T08:49:18.174Z] [
  {
    "config": {
      "public": "public",
      "ignore": [
        "firebase.json",
        "**/.*",
        "**/node_modules/**"
      ],
      "site": "dpaulsoria-react-pokedex"
    },
    "version": "projects/509590303664/sites/dpaulsoria-react-pokedex/versions/d1bdef5a0eaf3a79"
  }
]
[info] i  hosting[dpaulsoria-react-pokedex]: finalizing version... 
[debug] [2023-01-09T08:49:18.178Z] >>> [apiv2][query] PATCH https://firebasehosting.googleapis.com/v1beta1/projects/-/sites/dpaulsoria-react-pokedex/versions/d1bdef5a0eaf3a79 updateMask=status%2Cconfig
[debug] [2023-01-09T08:49:18.178Z] >>> [apiv2][body] PATCH https://firebasehosting.googleapis.com/v1beta1/projects/-/sites/dpaulsoria-react-pokedex/versions/d1bdef5a0eaf3a79 {"status":"FINALIZED","config":{}}
[debug] [2023-01-09T08:49:18.800Z] <<< [apiv2][status] PATCH https://firebasehosting.googleapis.com/v1beta1/projects/-/sites/dpaulsoria-react-pokedex/versions/d1bdef5a0eaf3a79 200
[debug] [2023-01-09T08:49:18.801Z] <<< [apiv2][body] PATCH https://firebasehosting.googleapis.com/v1beta1/projects/-/sites/dpaulsoria-react-pokedex/versions/d1bdef5a0eaf3a79 {"name":"projects/509590303664/sites/dpaulsoria-react-pokedex/versions/d1bdef5a0eaf3a79","status":"FINALIZED","config":{},"labels":{"deployment-tool":"cli-firebase"},"createTime":"2023-01-09T08:49:16.605977Z","createUser":{"email":"dpaulsoria@gmail.com"},"finalizeTime":"2023-01-09T08:49:18.106003Z","finalizeUser":{"email":"dpaulsoria@gmail.com"}}
[debug] [2023-01-09T08:49:18.801Z] [hosting] finalized version for dpaulsoria-react-pokedex:[object Object]
[info] +  hosting[dpaulsoria-react-pokedex]: version finalized 
[info] i  hosting[dpaulsoria-react-pokedex]: releasing new version... 
[debug] [2023-01-09T08:49:18.802Z] >>> [apiv2][query] POST https://firebasehosting.googleapis.com/v1beta1/projects/-/sites/dpaulsoria-react-pokedex/channels/live/releases versionName=projects%2F509590303664%2Fsites%2Fdpaulsoria-react-pokedex%2Fversions%2Fd1bdef5a0eaf3a79
[debug] [2023-01-09T08:49:18.802Z] >>> [apiv2][body] POST https://firebasehosting.googleapis.com/v1beta1/projects/-/sites/dpaulsoria-react-pokedex/channels/live/releases {}
[debug] [2023-01-09T08:49:19.403Z] <<< [apiv2][status] POST https://firebasehosting.googleapis.com/v1beta1/projects/-/sites/dpaulsoria-react-pokedex/channels/live/releases 200
[debug] [2023-01-09T08:49:19.404Z] <<< [apiv2][body] POST https://firebasehosting.googleapis.com/v1beta1/projects/-/sites/dpaulsoria-react-pokedex/channels/live/releases {"name":"projects/509590303664/sites/dpaulsoria-react-pokedex/channels/live/releases/1673254158127231","version":{"name":"projects/509590303664/sites/dpaulsoria-react-pokedex/versions/d1bdef5a0eaf3a79","status":"FINALIZED","config":{},"labels":{"deployment-tool":"cli-firebase"},"createTime":"2023-01-09T08:49:16.605977Z","createUser":{"email":"dpaulsoria@gmail.com","imageUrl":"https://lh3.googleusercontent.com/a/AEdFTp7NWXoSr2G0htzkCyn1uKb0GLggwJ31Q1W55tvn"},"finalizeTime":"2023-01-09T08:49:18.106003Z","finalizeUser":{"email":"dpaulsoria@gmail.com","imageUrl":"https://lh3.googleusercontent.com/a/AEdFTp7NWXoSr2G0htzkCyn1uKb0GLggwJ31Q1W55tvn"}},"type":"DEPLOY","releaseTime":"2023-01-09T08:49:18.127231174Z","releaseUser":{"email":"dpaulsoria@gmail.com","imageUrl":"https://lh3.googleusercontent.com/a/AEdFTp7NWXoSr2G0htzkCyn1uKb0GLggwJ31Q1W55tvn"}}
[debug] [2023-01-09T08:49:19.404Z] [hosting] release: {"name":"projects/509590303664/sites/dpaulsoria-react-pokedex/channels/live/releases/1673254158127231","version":{"name":"projects/509590303664/sites/dpaulsoria-react-pokedex/versions/d1bdef5a0eaf3a79","status":"FINALIZED","config":{},"labels":{"deployment-tool":"cli-firebase"},"createTime":"2023-01-09T08:49:16.605977Z","createUser":{"email":"dpaulsoria@gmail.com","imageUrl":"https://lh3.googleusercontent.com/a/AEdFTp7NWXoSr2G0htzkCyn1uKb0GLggwJ31Q1W55tvn"},"finalizeTime":"2023-01-09T08:49:18.106003Z","finalizeUser":{"email":"dpaulsoria@gmail.com","imageUrl":"https://lh3.googleusercontent.com/a/AEdFTp7NWXoSr2G0htzkCyn1uKb0GLggwJ31Q1W55tvn"}},"type":"DEPLOY","releaseTime":"2023-01-09T08:49:18.127231174Z","releaseUser":{"email":"dpaulsoria@gmail.com","imageUrl":"https://lh3.googleusercontent.com/a/AEdFTp7NWXoSr2G0htzkCyn1uKb0GLggwJ31Q1W55tvn"}}
[info] +  hosting[dpaulsoria-react-pokedex]: release complete 
[info] 
[info] +  Deploy complete! 
[info] 
[info] Project Console: https://console.firebase.google.com/project/dpaulsoria-react-pokedex/overview
[info] Hosting URL: https://dpaulsoria-react-pokedex.web.app
